<?xml version="1.0" encoding="UTF-8"?>
<testng-results ignored="0" total="1" passed="1" failed="0" skipped="0">
  <reporter-output>
  </reporter-output>
  <suite started-at="2024-04-15T16:03:51 IST" name="Default suite" finished-at="2024-04-15T16:04:28 IST" duration-ms="37509">
    <groups>
    </groups>
    <test started-at="2024-04-15T16:03:51 IST" name="Default test" finished-at="2024-04-15T16:04:28 IST" duration-ms="37509">
      <class name="harsha.End_to_End_Test_Practice">
        <test-method signature="test1()[pri:0, instance:harsha.End_to_End_Test_Practice@43195e57]" started-at="2024-04-15T16:03:51 IST" name="test1" finished-at="2024-04-15T16:04:28 IST" duration-ms="37471" status="PASS">
          <reporter-output>
          </reporter-output>
        </test-method> <!-- test1 -->
      </class> <!-- harsha.End_to_End_Test_Practice -->
    </test> <!-- Default test -->
  </suite> <!-- Default suite -->
</testng-results>
