<?xml version="1.0" encoding="UTF-8"?>
<testng-results ignored="0" total="1" passed="1" failed="0" skipped="0">
  <reporter-output>
  </reporter-output>
  <suite started-at="2024-04-15T15:28:29 IST" name="Suite" finished-at="2024-04-15T15:29:07 IST" duration-ms="38048">
    <groups>
    </groups>
    <test started-at="2024-04-15T15:28:29 IST" name="Test" finished-at="2024-04-15T15:29:07 IST" duration-ms="38048">
      <class name="harsha.End_to_End_Test_Practice">
        <test-method signature="test1()[pri:0, instance:harsha.End_to_End_Test_Practice@192d43ce]" started-at="2024-04-15T15:28:29 IST" name="test1" finished-at="2024-04-15T15:29:07 IST" duration-ms="38021" status="PASS">
          <reporter-output>
          </reporter-output>
        </test-method> <!-- test1 -->
      </class> <!-- harsha.End_to_End_Test_Practice -->
    </test> <!-- Test -->
  </suite> <!-- Suite -->
</testng-results>
